This is pdfTeX, Version 3.14159265-2.6-1.40.16 (MiKTeX 2.9) (preloaded format=latex 2018.3.3)  4 MAR 2018 00:17
entering extended mode
**./boxedminipage2e.ins
(boxedminipage2e.ins
LaTeX2e <2016/03/31>
Babel <3.9q> and hyphenation patterns for 1 language(s) loaded.
(E:\ProgramFiles\CTEX\MiKTeX\tex\latex\base\docstrip.tex
\blockLevel=\count79
\emptyLines=\count80
\processedLines=\count81
\commentsRemoved=\count82
\commentsPassed=\count83
\codeLinesPassed=\count84
\TotalprocessedLines=\count85
\TotalcommentsRemoved=\count86
\TotalcommentsPassed=\count87
\TotalcodeLinesPassed=\count88
\NumberOfFiles=\count89
\inFile=\read1
\inputcheck=\read2
\off@0=\count90
\off@1=\count91
\off@2=\count92
\off@3=\count93
\off@4=\count94
\off@5=\count95
\off@6=\count96
\off@7=\count97
\off@8=\count98
\off@9=\count99
\off@10=\count100
\off@11=\count101
\off@12=\count102
\off@13=\count103
\off@14=\count104
\off@15=\count105
\@maxfiles=\count106
\@maxoutfiles=\count107

Utility: `docstrip' 2.5e <2014/09/29>
English documentation    <2014/09/29>

**********************************************************
* This program converts documented macro-files into fast *
* loadable files by stripping off (nearly) all comments! *
**********************************************************

********************************************************
* No Configuration file found, using default settings. *
********************************************************

)

Generating file(s) ./boxedminipage2e.sty 
\openout0 = `./boxedminipage2e.sty'.


Processing file boxedminipage2e.dtx (package) -> boxedminipage2e.sty
File boxedminipage2e.dtx ended by \endinput.
Lines  processed: 256
Comments removed: 206
Comments  passed: 0
Codelines passed: 42

*************************************************************
*                                                           *
* To finish the installation you have to move the following *
* file into a directory searched by TeX:                    *
*                                                           *
*     boxedminipage2e.sty                                   *
*                                                           *
* To produce the documentation run the file                 *
* boxedminipage2e.dtx through LaTeX.                        *
*                                                           *
* Happy TeXing!                                             *
*                                                           *
*************************************************************
 ) 
Here is how much of TeX's memory you used:
 312 strings out of 495238
 3207 string characters out of 3182026
 53013 words of memory out of 3000000
 3687 multiletter control sequences out of 15000+200000
 3640 words of font info for 14 fonts, out of 3000000 for 9000
 14 hyphenation exceptions out of 8191
 11i,0n,15p,187b,117s stack positions out of 5000i,500n,10000p,200000b,50000s

No pages of output.
