\BOOKMARK [0][-]{chapter*.1}{\376\377\144\130\211\201}{}% 1
\BOOKMARK [0][-]{chapter*.2}{\376\377\000A\000b\000s\000t\000r\000a\000c\000t}{}% 2
\BOOKMARK [0][-]{section*.3}{\376\377\166\356\137\125}{}% 3
\BOOKMARK [0][-]{chapter.1}{\376\377\173\054\116\000\172\340\000\040\000\040\176\352\213\272}{}% 4
\BOOKMARK [1][-]{section.1.1}{\376\377\0001\000.\0001\000\040\137\025\212\000}{chapter.1}% 5
\BOOKMARK [1][-]{section.1.2}{\376\377\0001\000.\0002\000\040\213\272\145\207\166\204\170\024\172\166\200\314\146\157\124\214\141\017\116\111}{chapter.1}% 6
\BOOKMARK [1][-]{section.1.3}{\376\377\0001\000.\0003\000\040\213\272\145\207\166\204\176\304\176\307}{chapter.1}% 7
\BOOKMARK [0][-]{chapter.2}{\376\377\173\054\116\214\172\340\000\040\000\040\116\272\147\072\116\244\116\222\137\017\147\072\126\150\177\373\213\321\145\271\154\325\176\374\217\360}{}% 8
\BOOKMARK [1][-]{section.2.1}{\376\377\0002\000.\0001\000\040\151\202\217\360}{chapter.2}% 9
\BOOKMARK [1][-]{section.2.2}{\376\377\0002\000.\0002\000\040\147\072\126\150\177\373\213\321}{chapter.2}% 10
\BOOKMARK [1][-]{section.2.3}{\376\377\0002\000.\0003\000\040\213\241\173\227\147\072\217\205\122\251\177\373\213\321}{chapter.2}% 11
\BOOKMARK [1][-]{section.2.4}{\376\377\0002\000.\0004\000\040\116\272\147\072\116\244\116\222\137\017\147\072\126\150\177\373\213\321}{chapter.2}% 12
\BOOKMARK [1][-]{section.2.5}{\376\377\0002\000.\0005\000\040\147\054\145\207\166\204\170\024\172\166\140\035\215\357}{chapter.2}% 13
\BOOKMARK [1][-]{section.2.6}{\376\377\0002\000.\0006\000\040\147\054\172\340\134\017\176\323}{chapter.2}% 14
\BOOKMARK [0][-]{chapter.3}{\376\377\173\054\116\011\172\340\000\040\000\040\207\215\124\010\176\337\213\241\147\072\126\150\177\373\213\321\142\200\147\057\166\204\116\055\145\207\217\223\121\145\145\271\154\325}{}% 15
\BOOKMARK [1][-]{section.3.1}{\376\377\0003\000.\0001\000\040\127\372\116\216\133\371\145\160\176\277\140\047\152\041\127\213\166\204\217\223\121\145\145\271\154\325}{chapter.3}% 16
\BOOKMARK [1][-]{section.3.2}{\376\377\0003\000.\0002\000\040\217\223\121\145\116\000\116\052\154\111\133\127\227\000\211\201\143\011\131\032\134\021\225\056}{chapter.3}% 17
\BOOKMARK [1][-]{section.3.3}{\376\377\0003\000.\0003\000\040\207\215\124\010\176\337\213\241\147\072\126\150\177\373\213\321\142\200\147\057\166\204\217\223\121\145\145\271\154\325}{chapter.3}% 18
\BOOKMARK [1][-]{section.3.4}{\376\377\0003\000.\0004\000\040\227\142\124\021\217\223\121\145\145\271\154\325\166\204\213\321\145\207\201\352\122\250\213\304\116\367\143\007\150\007}{chapter.3}% 19
\BOOKMARK [1][-]{section.3.5}{\376\377\0003\000.\0005\000\040\166\370\121\163\135\345\117\134}{chapter.3}% 20
\BOOKMARK [1][-]{section.3.6}{\376\377\0003\000.\0006\000\040\133\236\232\214}{chapter.3}% 21
\BOOKMARK [1][-]{section.3.7}{\376\377\0003\000.\0007\000\040\147\054\172\340\134\017\176\323}{chapter.3}% 22
\BOOKMARK [0][-]{chapter.4}{\376\377\173\054\126\333\172\340\000\040\000\040\127\372\116\216\147\057\213\355\213\306\122\053\217\271\165\114\117\341\140\157\166\204\147\057\213\355\213\306\122\053\124\214\177\373\213\321\145\271\154\325}{}% 23
\BOOKMARK [1][-]{section.4.1}{\376\377\0004\000.\0001\000\040\207\215\124\010\123\314\213\355\147\057\213\355\213\306\122\053\166\204\200\124\124\010\213\315\133\371\237\120\145\271\154\325}{chapter.4}% 24
\BOOKMARK [1][-]{section.4.2}{\376\377\0004\000.\0002\000\040\127\372\116\216\123\314\213\355\142\354\123\367\123\345\133\120\166\204\147\057\213\355\177\373\213\321\143\026\143\230\145\271\154\325}{chapter.4}% 25
\BOOKMARK [1][-]{section.4.3}{\376\377\0004\000.\0003\000\040\127\372\116\216\147\057\213\355\213\306\122\053\217\271\165\114\117\341\140\157\166\204\176\337\213\241\177\373\213\321\147\057\213\355\211\343\170\001\145\271\154\325}{chapter.4}% 26
\BOOKMARK [1][-]{section.4.4}{\376\377\0004\000.\0004\000\040\133\236\232\214}{chapter.4}% 27
\BOOKMARK [1][-]{section.4.5}{\376\377\0004\000.\0005\000\040\147\054\172\340\134\017\176\323}{chapter.4}% 28
\BOOKMARK [0][-]{chapter.5}{\376\377\173\054\116\224\172\340\000\040\000\040\127\372\116\216\226\217\147\072\150\356\147\227\166\204\176\337\213\241\177\373\213\321\127\050\176\277\133\146\116\140\145\271\154\325}{}% 29
\BOOKMARK [1][-]{section.5.1}{\376\377\0005\000.\0001\000\040\127\372\116\216\226\217\147\072\150\356\147\227\166\204\176\337\213\241\177\373\213\321\152\041\127\213}{chapter.5}% 30
\BOOKMARK [1][-]{section.5.2}{\376\377\0005\000.\0002\000\040\127\372\116\216\127\050\176\277\226\217\147\072\150\356\147\227\166\204\176\337\213\241\177\373\213\321\127\050\176\277\133\146\116\140\145\271\154\325}{chapter.5}% 31
\BOOKMARK [1][-]{section.5.3}{\376\377\0005\000.\0003\000\040\127\372\116\216\225\032\160\271\166\204\226\220\232\154\134\024\123\357\131\053\130\236\221\317\137\017\213\315\133\371\237\120\145\271\154\325}{chapter.5}% 32
\BOOKMARK [1][-]{section.5.4}{\376\377\0005\000.\0004\000\040\133\236\232\214}{chapter.5}% 33
\BOOKMARK [1][-]{section.5.5}{\376\377\0005\000.\0005\000\040\147\054\172\340\134\017\176\323}{chapter.5}% 34
\BOOKMARK [0][-]{chapter.6}{\376\377\173\054\121\155\172\340\000\040\000\040\116\272\147\072\116\244\116\222\137\017\147\072\126\150\177\373\213\321\174\373\176\337\213\276\213\241\116\016\133\236\163\260}{}% 35
\BOOKMARK [1][-]{section.6.1}{\376\377\0006\000.\0001\000\040\127\372\147\054\140\035\140\363}{chapter.6}% 36
\BOOKMARK [1][-]{section.6.2}{\376\377\0006\000.\0002\000\040\174\373\176\337\213\276\213\241}{chapter.6}% 37
\BOOKMARK [1][-]{section.6.3}{\376\377\0006\000.\0003\000\040\174\373\176\337\133\236\163\260}{chapter.6}% 38
\BOOKMARK [1][-]{section.6.4}{\376\377\0006\000.\0004\000\040\176\317\232\214\140\073\176\323}{chapter.6}% 39
\BOOKMARK [1][-]{section.6.5}{\376\377\0006\000.\0005\000\040\147\054\172\340\134\017\176\323}{chapter.6}% 40
\BOOKMARK [0][-]{chapter.7}{\376\377\173\054\116\003\172\340\000\040\000\040\176\323\147\137\213\355\116\016\134\125\147\033}{}% 41
\BOOKMARK [1][-]{section.7.1}{\376\377\0007\000.\0001\000\040\135\345\117\134\140\073\176\323}{chapter.7}% 42
\BOOKMARK [1][-]{section.7.2}{\376\377\0007\000.\0002\000\040\135\345\117\134\134\125\147\033}{chapter.7}% 43
\BOOKMARK [0][-]{section*.67}{\376\377\123\302\200\003\145\207\163\056}{}% 44
\BOOKMARK [0][-]{chapter*.69}{\376\377\201\364\214\042}{}% 45
\BOOKMARK [0][-]{chapter*.70}{\376\377\117\134\200\005\173\200\123\206}{}% 46
