This is pdfTeX, Version 3.14159265-2.6-1.40.16 (MiKTeX 2.9) (preloaded format=latex 2018.3.3)  3 MAR 2018 23:42
entering extended mode
**./fontaxes.ins
(fontaxes.ins
LaTeX2e <2016/03/31>
Babel <3.9q> and hyphenation patterns for 1 language(s) loaded.
(E:\ProgramFiles\CTEX\MiKTeX\tex\latex\base\docstrip.tex
\blockLevel=\count79
\emptyLines=\count80
\processedLines=\count81
\commentsRemoved=\count82
\commentsPassed=\count83
\codeLinesPassed=\count84
\TotalprocessedLines=\count85
\TotalcommentsRemoved=\count86
\TotalcommentsPassed=\count87
\TotalcodeLinesPassed=\count88
\NumberOfFiles=\count89
\inFile=\read1
\inputcheck=\read2
\off@0=\count90
\off@1=\count91
\off@2=\count92
\off@3=\count93
\off@4=\count94
\off@5=\count95
\off@6=\count96
\off@7=\count97
\off@8=\count98
\off@9=\count99
\off@10=\count100
\off@11=\count101
\off@12=\count102
\off@13=\count103
\off@14=\count104
\off@15=\count105
\@maxfiles=\count106
\@maxoutfiles=\count107

Utility: `docstrip' 2.5e <2014/09/29>
English documentation    <2014/09/29>

**********************************************************
* This program converts documented macro-files into fast *
* loadable files by stripping off (nearly) all comments! *
**********************************************************

********************************************************
* No Configuration file found, using default settings. *
********************************************************

)

Generating file(s) ./fontaxes.sty ./test-fontaxes.tex 
\openout0 = `./fontaxes.sty'.

\openout1 = `./test-fontaxes.tex'.


Processing file fontaxes.dtx (package) -> fontaxes.sty
                             (test) -> test-fontaxes.tex
Lines  processed: 1296
Comments removed: 670
Comments  passed: 0
Codelines passed: 616

 ) 
Here is how much of TeX's memory you used:
 322 strings out of 495238
 3258 string characters out of 3182026
 53665 words of memory out of 3000000
 3696 multiletter control sequences out of 15000+200000
 3640 words of font info for 14 fonts, out of 3000000 for 9000
 14 hyphenation exceptions out of 8191
 11i,0n,15p,106b,130s stack positions out of 5000i,500n,10000p,200000b,50000s

No pages of output.
